<?xml version="1.0" encoding="UTF-8"?>
<testng-results skipped="0" failed="0" ignored="0" total="1" passed="1">
  <reporter-output>
  </reporter-output>
  <suite name="Default suite" duration-ms="32277" started-at="2018-11-23T07:24:55Z" finished-at="2018-11-23T07:25:28Z">
    <groups>
    </groups>
    <test name="Default test" duration-ms="32277" started-at="2018-11-23T07:24:55Z" finished-at="2018-11-23T07:25:28Z">
      <class name="sri.test.smoke.LoginPageSmokeTest">
        <test-method status="PASS" signature="preCondition()[pri:0, instance:sri.test.smoke.LoginPageSmokeTest@2b98378d]" name="preCondition" is-config="true" duration-ms="29068" started-at="2018-11-23T07:24:55Z" finished-at="2018-11-23T07:25:25Z">
          <reporter-output>
          </reporter-output>
        </test-method> <!-- preCondition -->
        <test-method status="PASS" signature="testLoginPage()[pri:0, instance:sri.test.smoke.LoginPageSmokeTest@2b98378d]" name="testLoginPage" duration-ms="1091" started-at="2018-11-23T07:25:25Z" finished-at="2018-11-23T07:25:26Z">
          <reporter-output>
          </reporter-output>
        </test-method> <!-- testLoginPage -->
        <test-method status="PASS" signature="postCondtion()[pri:0, instance:sri.test.smoke.LoginPageSmokeTest@2b98378d]" name="postCondtion" is-config="true" duration-ms="2082" started-at="2018-11-23T07:25:26Z" finished-at="2018-11-23T07:25:28Z">
          <reporter-output>
          </reporter-output>
        </test-method> <!-- postCondtion -->
      </class> <!-- sri.test.smoke.LoginPageSmokeTest -->
    </test> <!-- Default test -->
  </suite> <!-- Default suite -->
</testng-results>
